SF:lib\features\auth\data\datasources\auth_remote_data_source.dart
DA:19,2
DA:21,2
DA:23,4
DA:24,6
DA:26,2
DA:30,4
DA:32,4
DA:33,4
DA:35,4
DA:36,6
DA:40,0
DA:42,0
DA:43,0
DA:45,0
DA:49,0
DA:52,0
DA:54,0
DA:56,0
DA:57,0
LF:19
LH:10
end_of_record
SF:lib\features\auth\data\models\login_request_model.dart
DA:6,4
DA:8,6
DA:9,3
DA:10,3
LF:4
LH:4
end_of_record
SF:lib\core\constants\app_size.dart
DA:4,1
DA:5,3
DA:7,1
DA:8,3
DA:10,0
DA:11,0
DA:13,0
DA:14,0
DA:15,0
DA:16,0
DA:18,0
DA:19,0
LF:12
LH:4
end_of_record
SF:lib\core\constants\auth_text_field.dart
DA:10,1
DA:18,1
DA:20,1
DA:22,1
DA:23,1
DA:24,1
DA:25,1
DA:26,1
DA:34,1
LF:9
LH:9
end_of_record
SF:lib\core\utils\validators.dart
DA:2,0
DA:3,0
DA:5,0
DA:6,0
DA:12,0
DA:13,0
DA:16,0
DA:17,0
DA:18,0
DA:19,0
DA:20,0
DA:21,0
DA:22,0
LF:13
LH:0
end_of_record
SF:lib\dependencies.dart
DA:21,0
DA:23,0
DA:24,0
DA:27,0
DA:28,0
DA:30,0
DA:31,0
DA:33,0
DA:34,0
DA:36,0
DA:38,0
DA:39,0
DA:41,0
DA:44,0
DA:45,0
DA:48,0
DA:49,0
DA:50,0
DA:54,0
DA:55,0
DA:56,0
DA:59,0
DA:60,0
DA:61,0
DA:64,0
DA:65,0
DA:66,0
LF:27
LH:0
end_of_record
SF:lib\onboarding\bloc\onboarding_bloc.dart
DA:7,0
DA:8,0
DA:9,0
LF:3
LH:0
end_of_record
SF:lib\features\auth\data\repositories\auth_repository_impl.dart
DA:13,2
DA:15,2
DA:17,2
DA:21,4
DA:22,4
DA:24,2
DA:26,2
DA:27,2
DA:31,0
DA:40,0
DA:48,0
DA:50,0
LF:12
LH:8
end_of_record
SF:lib\features\auth\domain\usecases\login_with_phone_usecase.dart
DA:8,2
DA:10,2
DA:11,4
LF:3
LH:3
end_of_record
SF:lib\features\auth\domain\usecases\register_usecase.dart
DA:9,0
DA:11,0
DA:19,0
LF:3
LH:0
end_of_record
SF:lib\features\auth\presentation\bloc\auth_state.dart
DA:6,3
DA:8,1
DA:9,1
DA:19,2
DA:21,1
DA:22,2
DA:28,3
DA:30,1
DA:31,2
LF:9
LH:9
end_of_record
SF:lib\features\auth\presentation\bloc\auth_event.dart
DA:6,3
DA:8,0
DA:9,0
DA:16,3
DA:18,1
DA:19,3
LF:6
LH:4
end_of_record
SF:lib\features\auth\presentation\bloc\auth_bloc.dart
DA:15,6
DA:16,4
DA:19,2
DA:23,4
DA:25,8
DA:26,4
DA:28,6
LF:7
LH:7
end_of_record
SF:lib\features\auth\presentation\bloc\register\register_state.dart
DA:5,7
DA:9,0
DA:10,0
DA:14,0
DA:15,0
DA:21,0
DA:22,0
DA:23,0
DA:29,7
DA:30,0
DA:31,0
LF:11
LH:2
end_of_record
SF:lib\features\auth\presentation\bloc\register\register_event.dart
DA:5,0
DA:16,0
DA:25,0
DA:26,0
DA:27,0
DA:28,0
DA:29,0
DA:30,0
DA:31,0
DA:32,0
LF:10
LH:0
end_of_record
SF:lib\features\auth\presentation\bloc\register\register_bloc.dart
DA:15,0
DA:16,0
DA:19,0
DA:23,0
DA:24,0
DA:30,0
DA:32,0
DA:33,0
DA:34,0
DA:35,0
DA:36,0
DA:37,0
DA:38,0
DA:40,0
DA:42,0
LF:15
LH:0
end_of_record
SF:lib\features\security_question\data\datasources\security_question_remote_data_source.dart
DA:50,0
DA:52,0
DA:54,0
DA:55,0
DA:56,0
DA:57,0
DA:63,0
DA:64,0
DA:66,0
DA:67,0
DA:69,0
DA:70,0
DA:72,0
DA:73,0
DA:74,0
DA:78,0
DA:84,0
DA:85,0
DA:86,0
DA:87,0
DA:91,0
DA:97,0
DA:98,0
LF:23
LH:0
end_of_record
SF:lib\features\security_question\data\repositories\security_question_repository_impl.dart
DA:10,0
DA:12,0
DA:15,0
DA:16,0
DA:18,0
DA:22,0
DA:23,0
DA:24,0
DA:25,0
DA:26,0
DA:30,0
DA:37,0
DA:43,0
LF:13
LH:0
end_of_record
SF:lib\features\security_question\domain\usecases\get_security_questions_usecase.dart
DA:8,0
DA:10,0
DA:11,0
LF:3
LH:0
end_of_record
SF:lib\features\security_question\domain\usecases\submit_security_answer_usecase.dart
DA:7,0
DA:9,0
DA:14,0
LF:3
LH:0
end_of_record
SF:lib\features\security_question\presentation\bloc\security_question_event.dart
DA:5,0
DA:11,0
DA:13,0
DA:20,0
DA:22,0
DA:30,0
DA:36,0
DA:37,0
LF:8
LH:0
end_of_record
SF:lib\features\security_question\presentation\bloc\security_question_state.dart
DA:5,0
DA:9,0
DA:11,0
DA:15,0
DA:17,0
DA:23,0
DA:25,0
DA:27,0
DA:31,0
DA:33,0
DA:39,0
DA:41,0
DA:43,0
DA:47,0
DA:49,0
DA:53,0
DA:55,0
DA:61,0
DA:63,0
DA:65,0
LF:20
LH:0
end_of_record
SF:lib\features\security_question\presentation\bloc\security_question_bloc.dart
DA:18,0
DA:21,0
DA:22,0
DA:23,0
DA:24,0
DA:27,0
DA:31,0
DA:33,0
DA:34,0
DA:36,0
DA:40,0
DA:45,0
DA:47,0
DA:51,0
DA:53,0
DA:54,0
DA:55,0
DA:56,0
DA:58,0
DA:60,0
LF:20
LH:0
end_of_record
SF:lib\errors\expections.dart
DA:6,0
DA:8,0
DA:9,0
LF:3
LH:0
end_of_record
SF:lib\features\auth\data\models\register_request_model.dart
DA:10,0
DA:19,0
DA:20,0
DA:21,0
DA:22,0
DA:23,0
DA:24,0
DA:25,0
LF:8
LH:0
end_of_record
SF:lib\features\auth\domain\entities\user_entity.dart
DA:7,4
LF:1
LH:1
end_of_record
SF:lib\features\auth\presentation\pages\login_page.dart
DA:9,7
DA:11,0
DA:13,0
DA:14,0
DA:15,0
DA:16,0
LF:6
LH:1
end_of_record
SF:lib\features\auth\presentation\widgets\login_form.dart
DA:97,8
DA:99,1
DA:100,1
DA:107,1
DA:109,1
DA:110,1
DA:111,1
DA:112,2
DA:113,3
DA:115,1
DA:116,0
DA:117,0
DA:119,0
DA:121,0
DA:122,0
DA:123,0
DA:129,1
DA:131,1
DA:135,1
DA:142,1
DA:144,1
DA:146,1
DA:173,1
DA:174,1
DA:180,1
DA:181,1
DA:198,3
DA:199,1
DA:200,1
DA:201,1
DA:204,1
DA:205,1
DA:206,2
DA:207,1
DA:208,1
DA:209,1
DA:210,1
DA:211,1
DA:216,1
DA:217,2
DA:218,1
DA:219,3
DA:220,3
DA:238,1
DA:240,1
DA:249,1
DA:258,1
DA:259,2
DA:260,3
DA:274,3
LF:50
LH:44
end_of_record
SF:lib\features\auth\presentation\widgets\custom_register_text_field.dart
DA:62,1
DA:74,1
DA:75,1
DA:81,1
DA:83,1
DA:84,4
DA:87,1
DA:89,4
DA:90,1
DA:93,1
DA:94,2
DA:95,0
DA:96,0
DA:101,1
DA:103,1
DA:105,1
DA:106,2
DA:107,2
DA:108,2
DA:109,1
DA:110,2
DA:112,1
DA:113,2
DA:116,1
DA:117,2
DA:118,0
DA:119,0
DA:120,0
DA:123,1
DA:126,2
LF:30
LH:25
end_of_record
SF:lib\onboarding\screens\onboarding.dart
DA:208,0
DA:210,0
DA:212,0
DA:214,0
DA:215,0
DA:216,0
DA:218,0
DA:219,0
DA:220,0
DA:221,0
DA:222,0
DA:223,0
DA:224,0
DA:226,0
DA:227,0
DA:233,0
DA:234,0
DA:244,0
DA:250,0
DA:251,0
DA:261,0
DA:267,0
DA:268,0
DA:281,0
DA:283,0
DA:285,0
DA:286,0
DA:287,0
DA:288,0
DA:289,0
DA:290,0
DA:293,0
DA:294,0
LF:33
LH:0
end_of_record
SF:lib\features\auth\presentation\widgets\register_form.dart
DA:152,7
DA:154,0
DA:155,0
DA:172,0
DA:174,0
DA:175,0
DA:178,0
DA:180,0
DA:181,0
DA:182,0
DA:183,0
DA:184,0
DA:186,0
DA:187,0
DA:188,0
DA:192,0
DA:206,0
DA:208,0
DA:212,0
DA:218,0
DA:220,0
DA:221,0
DA:222,0
DA:224,0
DA:245,0
DA:246,0
DA:248,0
DA:249,0
DA:251,0
DA:252,0
DA:254,0
DA:255,0
DA:257,0
DA:258,0
DA:260,0
DA:261,0
DA:263,0
DA:264,0
DA:269,0
DA:270,0
DA:272,0
DA:275,0
DA:276,0
DA:278,0
DA:279,0
DA:281,0
DA:282,0
DA:284,0
DA:285,0
DA:286,0
DA:292,0
DA:293,0
DA:297,0
DA:298,0
DA:301,0
DA:302,0
DA:303,0
DA:306,0
DA:307,0
DA:308,0
DA:309,0
DA:310,0
DA:311,0
DA:314,0
DA:315,0
DA:320,0
DA:337,0
DA:339,0
DA:348,0
DA:349,0
DA:350,0
DA:351,0
DA:355,0
DA:379,0
DA:380,0
DA:381,0
DA:382,0
DA:383,0
DA:384,0
DA:385,0
DA:386,0
DA:387,0
DA:388,0
LF:83
LH:1
end_of_record
SF:lib\features\security_question\presentation\pages\security_question_modal.dart
DA:13,0
DA:15,0
DA:17,0
DA:18,0
DA:19,0
DA:21,0
DA:22,0
DA:23,0
DA:31,0
DA:32,0
DA:33,0
DA:37,0
DA:38,0
DA:39,0
LF:14
LH:0
end_of_record
SF:lib\features\start\presentation\widgets\login_modal.dart
DA:12,14
DA:14,0
DA:16,0
DA:18,0
DA:19,0
DA:27,0
DA:28,0
DA:29,0
DA:30,0
DA:31,0
DA:33,0
DA:34,0
DA:35,0
DA:36,0
DA:37,0
DA:41,0
LF:16
LH:1
end_of_record
SF:lib\features\security_question\data\models\security_question_model.dart
DA:7,0
DA:13,0
DA:14,0
DA:15,0
DA:16,0
DA:17,0
LF:6
LH:0
end_of_record
SF:lib\features\security_question\domain\entities\security_question_entity.dart
DA:7,0
LF:1
LH:0
end_of_record
SF:lib\features\security_question\presentation\widgets\security_question_content.dart
DA:106,0
DA:108,0
DA:109,0
DA:116,0
DA:118,0
DA:119,0
DA:122,0
DA:124,0
DA:125,0
DA:126,0
DA:127,0
DA:131,0
DA:132,0
DA:136,0
DA:137,0
DA:140,0
DA:141,0
DA:149,0
DA:150,0
DA:151,0
DA:158,0
DA:159,0
DA:160,0
DA:162,0
DA:163,0
DA:165,0
DA:170,0
DA:171,0
DA:172,0
DA:173,0
DA:182,0
DA:183,0
DA:190,0
DA:191,0
DA:192,0
DA:193,0
DA:194,0
DA:195,0
DA:196,0
DA:197,0
LF:40
LH:0
end_of_record
SF:lib\features\spalsh_screen\presentation\bloc\splash_bloc.dart
DA:7,0
DA:8,0
DA:9,0
DA:10,0
LF:4
LH:0
end_of_record
SF:lib\features\spalsh_screen\presentation\bloc\splash_event.dart
DA:2,0
LF:1
LH:0
end_of_record
SF:lib\features\spalsh_screen\presentation\bloc\splash_state.dart
DA:2,0
LF:1
LH:0
end_of_record
SF:lib\features\spalsh_screen\presentation\pages\splash_screen.dart
DA:59,7
DA:61,0
DA:63,0
DA:64,0
DA:65,0
DA:66,0
DA:67,0
DA:68,0
DA:69,0
DA:73,0
DA:75,0
DA:76,0
DA:77,0
DA:78,0
DA:79,0
DA:80,0
DA:81,0
DA:82,0
DA:83,0
DA:85,0
DA:86,0
DA:87,0
DA:88,0
DA:89,0
LF:24
LH:1
end_of_record
SF:lib\features\start\presentation\pages\start_page.dart
DA:6,21
DA:8,0
LF:2
LH:1
end_of_record
SF:lib\features\spalsh_screen\widgets\animation.dart
DA:7,0
DA:13,0
DA:14,0
DA:22,0
DA:24,0
DA:25,0
DA:30,0
DA:31,0
DA:32,0
DA:33,0
DA:37,0
DA:40,0
DA:42,0
DA:43,0
DA:46,0
DA:48,0
DA:49,0
DA:50,0
DA:51,0
DA:52,0
DA:53,0
LF:21
LH:0
end_of_record
SF:lib\features\spalsh_screen\widgets\dots_animation.dart
DA:6,0
DA:8,0
DA:9,0
DA:16,0
DA:18,0
DA:19,0
DA:20,0
DA:22,0
DA:23,0
DA:26,0
DA:27,0
DA:28,0
DA:31,0
DA:32,0
DA:33,0
DA:38,0
DA:39,0
DA:40,0
DA:45,0
DA:47,0
DA:48,0
DA:50,0
DA:53,0
DA:55,0
DA:57,0
DA:58,0
DA:59,0
DA:60,0
DA:61,0
DA:63,0
DA:64,0
LF:31
LH:0
end_of_record
SF:lib\features\start\presentation\widgets\start_logo.dart
DA:5,7
DA:7,0
DA:9,0
DA:11,0
LF:4
LH:1
end_of_record
SF:lib\features\start\presentation\widgets\start_buttons.dart
DA:7,7
DA:9,0
DA:11,0
DA:12,0
DA:14,0
DA:15,0
DA:19,0
DA:20,0
DA:25,0
DA:26,0
DA:38,0
DA:42,0
DA:53,0
DA:54,0
DA:55,0
DA:57,0
DA:58,0
DA:59,0
DA:60,0
DA:66,0
LF:20
LH:1
end_of_record
SF:lib\features\start\presentation\widgets\register_modal.dart
DA:13,7
DA:15,0
DA:17,0
DA:18,0
DA:19,0
DA:27,0
DA:28,0
DA:29,0
DA:30,0
DA:31,0
LF:10
LH:1
end_of_record
SF:lib\main.dart
DA:12,0
DA:13,0
DA:14,0
DA:18,7
DA:20,0
DA:22,0
DA:24,0
DA:33,0
DA:38,0
DA:39,0
DA:40,0
DA:41,0
LF:12
LH:1
end_of_record
SF:lib\onboarding\bloc\onboarding_states.dart
DA:4,0
LF:1
LH:0
end_of_record
SF:lib\onboarding\widgets\onboarding_single_page.dart
DA:15,0
DA:19,0
DA:21,0
DA:22,0
DA:23,0
DA:24,0
DA:27,0
DA:51,0
DA:52,0
DA:53,0
DA:61,0
DA:62,0
DA:71,0
DA:75,0
DA:76,0
DA:84,0
DA:86,0
DA:89,0
DA:93,0
DA:94,0
DA:98,0
DA:100,0
DA:101,0
DA:102,0
DA:103,0
DA:106,0
DA:110,0
DA:115,0
DA:116,0
DA:117,0
DA:118,0
LF:31
LH:0
end_of_record
SF:lib\onboarding\widgets\onboarding_buttons.dart
DA:4,0
DA:19,0
DA:21,0
DA:22,0
DA:23,0
DA:26,0
DA:27,0
DA:28,0
DA:30,0
DA:31,0
DA:32,0
DA:33,0
DA:34,0
LF:13
LH:0
end_of_record
